[debug] [2025-12-09T13:57:00.724Z] ----------------------------------------------------------------------
[debug] [2025-12-09T13:57:00.728Z] Command:       D:\Node js\node.exe C:\Users\farca\AppData\Roaming\npm\node_modules\firebase-tools\lib\bin\firebase.js init hosting
[debug] [2025-12-09T13:57:00.728Z] CLI Version:   14.27.0
[debug] [2025-12-09T13:57:00.728Z] Platform:      win32
[debug] [2025-12-09T13:57:00.728Z] Node Version:  v24.9.0
[debug] [2025-12-09T13:57:00.728Z] Time:          Tue Dec 09 2025 13:57:00 GMT+0000 (Ora de Greenwhich)
[debug] [2025-12-09T13:57:00.728Z] ----------------------------------------------------------------------
[debug] 
[info] 
     ######## #### ########  ######## ########     ###     ######  ########
     ##        ##  ##     ## ##       ##     ##  ##   ##  ##       ##
     ######    ##  ########  ######   ########  #########  ######  ######
     ##        ##  ##    ##  ##       ##     ## ##     ##       ## ##
     ##       #### ##     ## ######## ########  ##     ##  ######  ########

You're about to initialize a Firebase project in this directory:

  C:\Users\farca\OneDrive\Desktop\github work\repair-service-nextjs

[info] 
=== Project Setup
[info] 
[info] First, let's associate this project directory with a Firebase project.
[info] You can create multiple project aliases by running firebase use --add, 
[info] 
[info] 
=== Hosting Setup
[info] 
[info] Your public directory is the folder (relative to your project directory) that
[info] will contain Hosting assets to be uploaded with firebase deploy. If you
[info] have a build process for your assets, use your build's output directory.
[info] 
